{
  "0 debug pnpm:scope": {
    "selected": 1,
    "workspacePrefix": "/home/stefan/HomeLaptop/Projects/simsustech/simple-site-generator"
  },
  "1 error pnpm": {
    "errno": 1,
    "code": "ELIFECYCLE",
    "pkgid": "@simsustech/simple-site-generator-templates@0.1.5",
    "stage": "build",
    "script": "pnpm run build:src && pnpm run build:templates",
    "pkgname": "@simsustech/simple-site-generator-templates",
    "err": {
      "name": "pnpm",
      "message": "@simsustech/simple-site-generator-templates@0.1.5 build: `pnpm run build:src && pnpm run build:templates`\nExit status 1",
      "code": "ELIFECYCLE",
      "stack": "pnpm: @simsustech/simple-site-generator-templates@0.1.5 build: `pnpm run build:src && pnpm run build:templates`\nExit status 1\n    at EventEmitter.<anonymous> (/snapshot/dist/pnpm.cjs)\n    at EventEmitter.emit (events.js:376:20)\n    at ChildProcess.<anonymous> (/snapshot/dist/pnpm.cjs)\n    at ChildProcess.emit (events.js:376:20)\n    at maybeClose (internal/child_process.js:1055:16)\n    at Process.ChildProcess._handle.onexit (internal/child_process.js:288:5)"
    }
  },
  "2 warn pnpm:global": " Local package.json exists, but node_modules missing, did you mean to install?"
}